{"numFailedTestSuites":1,"numFailedTests":1,"numPassedTestSuites":0,"numPassedTests":2,"numPendingTestSuites":0,"numPendingTests":0,"numRuntimeErrorTestSuites":0,"numTodoTests":0,"numTotalTestSuites":1,"numTotalTests":3,"openHandles":[],"snapshot":{"added":0,"didUpdate":false,"failure":false,"filesAdded":0,"filesRemoved":0,"filesRemovedList":[],"filesUnmatched":0,"filesUpdated":0,"matched":0,"total":0,"unchecked":0,"uncheckedKeysByFile":[],"unmatched":0,"updated":0},"startTime":1629027583151,"success":false,"testResults":[{"assertionResults":[{"ancestorTitles":[],"failureMessages":["Error: \u001b[2mexpect(\u001b[22m\u001b[31melement\u001b[39m\u001b[2m).toHaveTextContent()\u001b[22m\n\nExpected element to have text content:\n\u001b[32m  Button\u001b[39m\nReceived:\n\u001b[31m  Cancel\u001b[39m\n    at Object.<anonymous> (C:\\Users\\Aman Kumargupta\\Documents\\React\\components\\src\\components\\Button\\Button.test.tsx:13:15)\n    at Promise.then.completed (C:\\Users\\Aman Kumargupta\\Documents\\React\\components\\node_modules\\@jest\\core\\node_modules\\jest-circus\\build\\utils.js:390:28)\n    at new Promise (<anonymous>)\n    at callAsyncCircusFn (C:\\Users\\Aman Kumargupta\\Documents\\React\\components\\node_modules\\@jest\\core\\node_modules\\jest-circus\\build\\utils.js:315:10)\n    at _callCircusTest (C:\\Users\\Aman Kumargupta\\Documents\\React\\components\\node_modules\\@jest\\core\\node_modules\\jest-circus\\build\\run.js:218:40)\n    at processTicksAndRejections (internal/process/task_queues.js:95:5)\n    at _runTest (C:\\Users\\Aman Kumargupta\\Documents\\React\\components\\node_modules\\@jest\\core\\node_modules\\jest-circus\\build\\run.js:155:3)\n    at _runTestsForDescribeBlock (C:\\Users\\Aman Kumargupta\\Documents\\React\\components\\node_modules\\@jest\\core\\node_modules\\jest-circus\\build\\run.js:66:9)\n    at run (C:\\Users\\Aman Kumargupta\\Documents\\React\\components\\node_modules\\@jest\\core\\node_modules\\jest-circus\\build\\run.js:25:3)\n    at runAndTransformResultsToJestFormat (C:\\Users\\Aman Kumargupta\\Documents\\React\\components\\node_modules\\@jest\\core\\node_modules\\jest-circus\\build\\legacy-code-todo-rewrite\\jestAdapterInit.js:166:21)\n    at jestAdapter (C:\\Users\\Aman Kumargupta\\Documents\\React\\components\\node_modules\\@jest\\core\\node_modules\\jest-circus\\build\\legacy-code-todo-rewrite\\jestAdapter.js:82:19)\n    at runTestInternal (C:\\Users\\Aman Kumargupta\\Documents\\React\\components\\node_modules\\@jest\\core\\node_modules\\jest-runner\\build\\runTest.js:389:16)\n    at runTest (C:\\Users\\Aman Kumargupta\\Documents\\React\\components\\node_modules\\@jest\\core\\node_modules\\jest-runner\\build\\runTest.js:481:34)\n    at TestRunner.runTests (C:\\Users\\Aman Kumargupta\\Documents\\React\\components\\node_modules\\@jest\\core\\node_modules\\jest-runner\\build\\index.js:111:12)\n    at TestScheduler.scheduleTests (C:\\Users\\Aman Kumargupta\\Documents\\React\\components\\node_modules\\@jest\\core\\build\\TestScheduler.js:333:13)\n    at runJest (C:\\Users\\Aman Kumargupta\\Documents\\React\\components\\node_modules\\@jest\\core\\build\\runJest.js:387:19)\n    at _run10000 (C:\\Users\\Aman Kumargupta\\Documents\\React\\components\\node_modules\\@jest\\core\\build\\cli\\index.js:408:7)\n    at runCLI (C:\\Users\\Aman Kumargupta\\Documents\\React\\components\\node_modules\\@jest\\core\\build\\cli\\index.js:261:3)\n    at Object.run (C:\\Users\\Aman Kumargupta\\Documents\\React\\components\\node_modules\\jest-cli\\build\\cli\\index.js:163:37)"],"fullName":"should render button component","location":null,"status":"failed","title":"should render button component"},{"ancestorTitles":[],"failureMessages":[],"fullName":"should render button with label","location":null,"status":"passed","title":"should render button with label"},{"ancestorTitles":[],"failureMessages":[],"fullName":"should render disabled button","location":null,"status":"passed","title":"should render disabled button"}],"endTime":1629027590865,"message":"\u001b[1m\u001b[31m  \u001b[1m● \u001b[22m\u001b[1mshould render button component\u001b[39m\u001b[22m\n\n    \u001b[2mexpect(\u001b[22m\u001b[31melement\u001b[39m\u001b[2m).toHaveTextContent()\u001b[22m\n\n    Expected element to have text content:\n    \u001b[32m  Button\u001b[39m\n    Received:\n    \u001b[31m  Cancel\u001b[39m\n\u001b[2m\u001b[22m\n\u001b[2m    \u001b[0m \u001b[90m 11 |\u001b[39m   \u001b[36mconst\u001b[39m btn \u001b[33m=\u001b[39m screen\u001b[33m.\u001b[39mgetByTestId(\u001b[32m\"button\"\u001b[39m)\u001b[33m;\u001b[39m\u001b[0m\u001b[22m\n\u001b[2m    \u001b[0m \u001b[90m 12 |\u001b[39m   expect(btn)\u001b[33m.\u001b[39mtoBeInTheDocument()\u001b[33m;\u001b[39m\u001b[0m\u001b[22m\n\u001b[2m    \u001b[0m\u001b[31m\u001b[1m>\u001b[22m\u001b[2m\u001b[39m\u001b[90m 13 |\u001b[39m   expect(btn)\u001b[33m.\u001b[39mtoHaveTextContent(\u001b[32m\"Button\"\u001b[39m)\u001b[33m;\u001b[39m\u001b[0m\u001b[22m\n\u001b[2m    \u001b[0m \u001b[90m    |\u001b[39m               \u001b[31m\u001b[1m^\u001b[22m\u001b[2m\u001b[39m\u001b[0m\u001b[22m\n\u001b[2m    \u001b[0m \u001b[90m 14 |\u001b[39m })\u001b[33m;\u001b[39m\u001b[0m\u001b[22m\n\u001b[2m    \u001b[0m \u001b[90m 15 |\u001b[39m\u001b[0m\u001b[22m\n\u001b[2m    \u001b[0m \u001b[90m 16 |\u001b[39m test(\u001b[32m\"should render button with label\"\u001b[39m\u001b[33m,\u001b[39m () \u001b[33m=>\u001b[39m {\u001b[0m\u001b[22m\n\u001b[2m\u001b[22m\n\u001b[2m      \u001b[2mat Object.<anonymous> (\u001b[22m\u001b[2m\u001b[0m\u001b[36msrc/components/Button/Button.test.tsx\u001b[39m\u001b[0m\u001b[2m:13:15)\u001b[22m\u001b[2m\u001b[22m\n\u001b[2m      \u001b[2mat TestScheduler.scheduleTests (\u001b[22m\u001b[2mnode_modules/@jest/core/build/TestScheduler.js\u001b[2m:333:13)\u001b[22m\u001b[2m\u001b[22m\n\u001b[2m      \u001b[2mat runJest (\u001b[22m\u001b[2mnode_modules/@jest/core/build/runJest.js\u001b[2m:387:19)\u001b[22m\u001b[2m\u001b[22m\n\u001b[2m      \u001b[2mat _run10000 (\u001b[22m\u001b[2mnode_modules/@jest/core/build/cli/index.js\u001b[2m:408:7)\u001b[22m\u001b[2m\u001b[22m\n\u001b[2m      \u001b[2mat runCLI (\u001b[22m\u001b[2mnode_modules/@jest/core/build/cli/index.js\u001b[2m:261:3)\u001b[22m\u001b[2m\u001b[22m\n","name":"C:\\Users\\Aman Kumargupta\\Documents\\React\\components\\src\\components\\Button\\Button.test.tsx","startTime":1629027584053,"status":"failed","summary":""}],"wasInterrupted":false}